<?xml version="1.0" encoding="UTF-8"?>
<!-- Generated by org.testng.reporters.JUnitReportReporter -->
<testsuite skipped="0" hostname="ucosacscsdev1" name="com.cosacs.TestCases.AddressStanderd" tests="1" failures="0" timestamp="10 Feb 2021 11:58:22 GMT" time="19.600" errors="0">
  <testcase name="AddressMaster" time="19.600" classname="com.cosacs.TestCases.AddressStanderd"/>
</testsuite> <!-- com.cosacs.TestCases.AddressStanderd -->
