<?xml version="1.0" encoding="UTF-8"?>
<!-- Generated by org.testng.reporters.JUnitReportReporter -->
<testsuite hostname="UNIERD02" name="com.cosacs.TestCases.COS14_PurchaseOrder" tests="2" failures="0" timestamp="26 Mar 2021 10:55:11 GMT" time="42.523" errors="0">
  <testcase name="PurchaseOrder" time="37.242" classname="com.cosacs.TestCases.COS14_PurchaseOrder"/>
  <testcase name="PurchaseOrderSearch" time="5.281" classname="com.cosacs.TestCases.COS14_PurchaseOrder"/>
</testsuite> <!-- com.cosacs.TestCases.COS14_PurchaseOrder -->
