<?xml version="1.0" encoding="UTF-8"?>
<!-- Generated by org.testng.reporters.JUnitReportReporter -->
<testsuite skipped="0" hostname="ucosacscsdev1" name="com.cosacs.TestCases.COS65_Service_Suppliers" tests="2" failures="0" timestamp="23 Mar 2021 10:52:13 GMT" time="33.912" errors="0">
  <testcase name="Suppliers" time="21.623" classname="com.cosacs.TestCases.COS65_Service_Suppliers"/>
  <testcase name="SupplierContractualCosts" time="12.289" classname="com.cosacs.TestCases.COS65_Service_Suppliers"/>
</testsuite> <!-- com.cosacs.TestCases.COS65_Service_Suppliers -->
