<?xml version="1.0" encoding="UTF-8"?>
<!-- Generated by org.testng.reporters.JUnitReportReporter -->
<testsuite skipped="0" hostname="LAPTOP-FQJ2DVAE" name="com.cosacs.TestCases.COS04_LocalVendorCreation" tests="2" failures="0" timestamp="23 Sep 2020 07:14:22 GMT" time="32.775" errors="0">
  <testcase name="SearchVendor_Test" time="4.276" classname="com.cosacs.TestCases.COS04_LocalVendorCreation"/>
  <testcase name="createVendor_Test" time="28.499" classname="com.cosacs.TestCases.COS04_LocalVendorCreation"/>
</testsuite> <!-- com.cosacs.TestCases.COS04_LocalVendorCreation -->
