<?xml version="1.0" encoding="UTF-8"?>
<!-- Generated by org.testng.reporters.JUnitReportReporter -->
<testsuite skipped="0" hostname="LAPTOP-FQJ2DVAE" name="com.cosacs.TestCases.COS17_GoodsReceipt" tests="2" failures="0" timestamp="23 Sep 2020 10:13:57 GMT" time="52.781" errors="0">
  <testcase name="GoodsRecieptForm" time="38.837" classname="com.cosacs.TestCases.COS17_GoodsReceipt"/>
  <testcase name="create_GoodsRcpt" time="13.944" classname="com.cosacs.TestCases.COS17_GoodsReceipt"/>
</testsuite> <!-- com.cosacs.TestCases.COS17_GoodsReceipt -->
