<?xml version="1.0" encoding="UTF-8"?>
<!-- Generated by org.testng.reporters.JUnitReportReporter -->
<testsuite hostname="UNIERD02" name="com.cosacs.TestCases.COS20_Logistics_HomeDelivery" tests="5" failures="0" timestamp="26 Mar 2021 11:00:48 GMT" time="99.134" errors="0">
  <testcase name="SearchPicklist" time="27.986" classname="com.cosacs.TestCases.COS20_Logistics_HomeDelivery"/>
  <testcase name="Scheduling" time="17.161" classname="com.cosacs.TestCases.COS20_Logistics_HomeDelivery"/>
  <testcase name="Picking" time="39.586" classname="com.cosacs.TestCases.COS20_Logistics_HomeDelivery"/>
  <testcase name="SearchShipments" time="10.268" classname="com.cosacs.TestCases.COS20_Logistics_HomeDelivery"/>
  <testcase name="SearchDeliverySchedules" time="4.133" classname="com.cosacs.TestCases.COS20_Logistics_HomeDelivery"/>
</testsuite> <!-- com.cosacs.TestCases.COS20_Logistics_HomeDelivery -->
