<?xml version="1.0" encoding="UTF-8"?>
<!-- Generated by org.testng.reporters.JUnitReportReporter -->
<testsuite hostname="UNIERD02" name="com.cosacs.TestCases.COS57_TechnicianDairy" tests="1" failures="0" timestamp="26 Mar 2021 11:02:30 GMT" time="28.416" errors="0">
  <testcase name="TechnicianDairy" time="28.416" classname="com.cosacs.TestCases.COS57_TechnicianDairy"/>
</testsuite> <!-- com.cosacs.TestCases.COS57_TechnicianDairy -->
