<?xml version="1.0" encoding="UTF-8"?>
<!-- Generated by org.testng.reporters.JUnitReportReporter -->
<testsuite hostname="UNIERD02" name="com.cosacs.TestCases.ScanningCorporateUPC" tests="2" failures="0" timestamp="26 Mar 2021 10:58:04 GMT" time="69.574" errors="0">
  <testcase name="PurchaseOrder" time="35.655" classname="com.cosacs.TestCases.ScanningCorporateUPC"/>
  <testcase name="StockCount" time="33.919" classname="com.cosacs.TestCases.ScanningCorporateUPC"/>
</testsuite> <!-- com.cosacs.TestCases.ScanningCorporateUPC -->
