<?xml version="1.0" encoding="UTF-8"?>
<!-- Generated by org.testng.reporters.JUnitReportReporter -->
<testsuite hostname="UNIERD02" name="com.cosacs.TestCases.COS65_Service_SuppliersAndCOS66_Service_SupplierContractualCosts" tests="2" failures="0" timestamp="26 Mar 2021 11:03:39 GMT" time="36.706" errors="0">
  <testcase name="Suppliers" time="21.695" classname="com.cosacs.TestCases.COS65_Service_SuppliersAndCOS66_Service_SupplierContractualCosts"/>
  <testcase name="SupplierContractualCosts" time="15.011" classname="com.cosacs.TestCases.COS65_Service_SuppliersAndCOS66_Service_SupplierContractualCosts"/>
</testsuite> <!-- com.cosacs.TestCases.COS65_Service_SuppliersAndCOS66_Service_SupplierContractualCosts -->
