<?xml version="1.0" encoding="UTF-8"?>
<!-- Generated by org.testng.reporters.JUnitReportReporter -->
<testsuite skipped="0" hostname="LAPTOP-FQJ2DVAE" name="com.cosacs.TestCases.COS100_TopSKUReports" tests="1" failures="0" timestamp="23 Sep 2020 07:14:22 GMT" time="38.189" errors="0">
  <testcase name="topSkuReports_Test" time="38.189" classname="com.cosacs.TestCases.COS100_TopSKUReports"/>
</testsuite> <!-- com.cosacs.TestCases.COS100_TopSKUReports -->
