<?xml version="1.0" encoding="UTF-8"?>
<!-- Generated by org.testng.reporters.JUnitReportReporter -->
<testsuite skipped="0" hostname="LAPTOP-80PMDSTB" name="com.cosacs.TestCases.COS01_LocationCreation" tests="2" failures="0" timestamp="25 Sep 2020 18:06:20 GMT" time="20.610" errors="0">
  <testcase name="searchLocation_Test" time="0.320" classname="com.cosacs.TestCases.COS01_LocationCreation"/>
  <testcase name="createLocation_Test" time="20.290" classname="com.cosacs.TestCases.COS01_LocationCreation"/>
</testsuite> <!-- com.cosacs.TestCases.COS01_LocationCreation -->
